<?xml version="1.0" encoding="UTF-8"?>
<!-- Generated by org.testng.reporters.JUnitReportReporter -->
<testsuite hostname="Ketan" failures="0" tests="4" name="Selenium.Tests.end_to_end" time="47.111" errors="0" timestamp="2024-03-06T23:08:06 IST" skipped="0">
  <testcase classname="Selenium.Tests.end_to_end" name="submitOrder" time="16.749"/>
  <system-out/>
  <testcase classname="Selenium.Tests.end_to_end" name="OrderHistory" time="4.744"/>
  <system-out/>
  <testcase classname="Selenium.Tests.end_to_end" name="submitOrder" time="17.085"/>
  <system-out/>
  <testcase classname="Selenium.Tests.end_to_end" name="OrderHistory" time="8.533"/>
  <system-out/>
</testsuite> <!-- Selenium.Tests.end_to_end -->
