<?xml version="1.0" encoding="UTF-8"?>
<!-- Generated by org.testng.reporters.JUnitReportReporter -->
<testsuite hostname="Ketan" failures="0" tests="4" name="Selenium.Tests.end_to_end" time="44.291" errors="0" timestamp="2024-02-29T16:24:48 IST" skipped="0">
  <testcase classname="Selenium.Tests.end_to_end" name="OrderHistory" time="9.091"/>
  <testcase classname="Selenium.Tests.end_to_end" name="submitOrder" time="16.057"/>
  <testcase classname="Selenium.Tests.end_to_end" name="OrderHistory" time="7.951"/>
  <testcase classname="Selenium.Tests.end_to_end" name="submitOrder" time="11.192"/>
</testsuite> <!-- Selenium.Tests.end_to_end -->
